# JRE version: Java(TM) SE Runtime Environment (8.0_91-b15) (build 1.8.0_91-b15)
# Java VM: Java HotSpot(TM) 64-Bit Server VM (25.91-b15 mixed mode windows-amd64 compressed oops)
Heap:
 PSYoungGen      total 891392K, used 125245K [0x000000076c180000, 0x00000007b5b00000, 0x00000007c0000000)
  eden space 673280K, 0% used [0x000000076c180000,0x000000076c180000,0x0000000795300000)
  from space 218112K, 57% used [0x0000000795300000,0x000000079cd4f6e8,0x00000007a2800000)
  to   space 221184K, 0% used [0x00000007a8300000,0x00000007a8300000,0x00000007b5b00000)
 ParOldGen       total 619520K, used 568130K [0x00000006c4400000, 0x00000006ea100000, 0x000000076c180000)
  object space 619520K, 91% used [0x00000006c4400000,0x00000006e6ed09f0,0x00000006ea100000)
 Metaspace       used 14568K, capacity 14782K, committed 15104K, reserved 1062912K
  class space    used 1863K, capacity 1937K, committed 2048K, reserved 1048576K
GC Heap History (10 events):
Event: 31.670 GC heap after
Heap after GC invocations=11 (full 1):
 PSYoungGen      total 715776K, used 125430K [0x000000076c180000, 0x00000007ab380000, 0x00000007c0000000)
  eden space 590336K, 0% used [0x000000076c180000,0x000000076c180000,0x0000000790200000)
  from space 125440K, 99% used [0x00000007a3900000,0x00000007ab37d910,0x00000007ab380000)
  to   space 158208K, 0% used [0x0000000797e80000,0x0000000797e80000,0x00000007a1900000)
 ParOldGen       total 346624K, used 216728K [0x00000006c4400000, 0x00000006d9680000, 0x000000076c180000)
  object space 346624K, 62% used [0x00000006c4400000,0x00000006d17a63a0,0x00000006d9680000)
 Metaspace       used 14567K, capacity 14782K, committed 15104K, reserved 1062912K
  class space    used 1863K, capacity 1937K, committed 2048K, reserved 1048576K
}
Event: 33.112 GC heap before
{Heap before GC invocations=12 (full 1):
 PSYoungGen      total 715776K, used 715766K [0x000000076c180000, 0x00000007ab380000, 0x00000007c0000000)
  eden space 590336K, 100% used [0x000000076c180000,0x0000000790200000,0x0000000790200000)
  from space 125440K, 99% used [0x00000007a3900000,0x00000007ab37d910,0x00000007ab380000)
  to   space 158208K, 0% used [0x0000000797e80000,0x0000000797e80000,0x00000007a1900000)
 ParOldGen       total 346624K, used 216728K [0x00000006c4400000, 0x00000006d9680000, 0x000000076c180000)
  object space 346624K, 62% used [0x00000006c4400000,0x00000006d17a63a0,0x00000006d9680000)
 Metaspace       used 14567K, capacity 14782K, committed 15104K, reserved 1062912K
  class space    used 1863K, capacity 1937K, committed 2048K, reserved 1048576K
Event: 33.526 GC heap after
Heap after GC invocations=12 (full 1):
 PSYoungGen      total 876032K, used 105394K [0x000000076c180000, 0x00000007aca00000, 0x00000007c0000000)
  eden space 717824K, 0% used [0x000000076c180000,0x000000076c180000,0x0000000797e80000)
  from space 158208K, 66% used [0x0000000797e80000,0x000000079e56c920,0x00000007a1900000)
  to   space 165888K, 0% used [0x00000007a2800000,0x00000007a2800000,0x00000007aca00000)
 ParOldGen       total 346624K, used 341529K [0x00000006c4400000, 0x00000006d9680000, 0x000000076c180000)
  object space 346624K, 98% used [0x00000006c4400000,0x00000006d9186520,0x00000006d9680000)
 Metaspace       used 14567K, capacity 14782K, committed 15104K, reserved 1062912K
  class space    used 1863K, capacity 1937K, committed 2048K, reserved 1048576K
}
Event: 33.526 GC heap before
{Heap before GC invocations=13 (full 2):
 PSYoungGen      total 876032K, used 105394K [0x000000076c180000, 0x00000007aca00000, 0x00000007c0000000)
  eden space 717824K, 0% used [0x000000076c180000,0x000000076c180000,0x0000000797e80000)
  from space 158208K, 66% used [0x0000000797e80000,0x000000079e56c920,0x00000007a1900000)
  to   space 165888K, 0% used [0x00000007a2800000,0x00000007a2800000,0x00000007aca00000)
 ParOldGen       total 346624K, used 341529K [0x00000006c4400000, 0x00000006d9680000, 0x000000076c180000)
  object space 346624K, 98% used [0x00000006c4400000,0x00000006d9186520,0x00000006d9680000)
 Metaspace       used 14567K, capacity 14782K, committed 15104K, reserved 1062912K
  class space    used 1863K, capacity 1937K, committed 2048K, reserved 1048576K
Event: 42.895 GC heap after
Heap after GC invocations=13 (full 2):
 PSYoungGen      total 876032K, used 97125K [0x000000076c180000, 0x00000007aca00000, 0x00000007c0000000)
  eden space 717824K, 0% used [0x000000076c180000,0x000000076c180000,0x0000000797e80000)
  from space 158208K, 61% used [0x0000000797e80000,0x000000079dd594e0,0x00000007a1900000)
  to   space 165888K, 0% used [0x00000007a2800000,0x00000007a2800000,0x00000007aca00000)
 ParOldGen       total 619520K, used 343753K [0x00000006c4400000, 0x00000006ea100000, 0x000000076c180000)
  object space 619520K, 55% used [0x00000006c4400000,0x00000006d93b2730,0x00000006ea100000)
 Metaspace       used 14567K, capacity 14782K, committed 15104K, reserved 1062912K
  class space    used 1863K, capacity 1937K, committed 2048K, reserved 1048576K
}
Event: 44.575 GC heap before
{Heap before GC invocations=14 (full 2):
 PSYoungGen      total 876032K, used 812083K [0x000000076c180000, 0x00000007aca00000, 0x00000007c0000000)
  eden space 717824K, 99% used [0x000000076c180000,0x0000000797bb3a18,0x0000000797e80000)
  from space 158208K, 61% used [0x0000000797e80000,0x000000079dd594e0,0x00000007a1900000)
  to   space 165888K, 0% used [0x00000007a2800000,0x00000007a2800000,0x00000007aca00000)
 ParOldGen       total 619520K, used 343753K [0x00000006c4400000, 0x00000006ea100000, 0x000000076c180000)
  object space 619520K, 55% used [0x00000006c4400000,0x00000006d93b2730,0x00000006ea100000)
 Metaspace       used 14567K, capacity 14782K, committed 15104K, reserved 1062912K
  class space    used 1863K, capacity 1937K, committed 2048K, reserved 1048576K
Event: 44.917 GC heap after
Heap after GC invocations=14 (full 2):
 PSYoungGen      total 839168K, used 165885K [0x000000076c180000, 0x00000007b7c80000, 0x00000007c0000000)
  eden space 673280K, 0% used [0x000000076c180000,0x000000076c180000,0x0000000795300000)
  from space 165888K, 99% used [0x00000007a2800000,0x00000007ac9ff768,0x00000007aca00000)
  to   space 218112K, 0% used [0x0000000795300000,0x0000000795300000,0x00000007a2800000)
 ParOldGen       total 619520K, used 410118K [0x00000006c4400000, 0x00000006ea100000, 0x000000076c180000)
  object space 619520K, 66% used [0x00000006c4400000,0x00000006dd481800,0x00000006ea100000)
 Metaspace       used 14567K, capacity 14782K, committed 15104K, reserved 1062912K
  class space    used 1863K, capacity 1937K, committed 2048K, reserved 1048576K
}
Event: 46.565 GC heap before
{Heap before GC invocations=15 (full 2):
 PSYoungGen      total 839168K, used 835004K [0x000000076c180000, 0x00000007b7c80000, 0x00000007c0000000)
  eden space 673280K, 99% used [0x000000076c180000,0x0000000794eef990,0x0000000795300000)
  from space 165888K, 99% used [0x00000007a2800000,0x00000007ac9ff768,0x00000007aca00000)
  to   space 218112K, 0% used [0x0000000795300000,0x0000000795300000,0x00000007a2800000)
 ParOldGen       total 619520K, used 410118K [0x00000006c4400000, 0x00000006ea100000, 0x000000076c180000)
  object space 619520K, 66% used [0x00000006c4400000,0x00000006dd481800,0x00000006ea100000)
 Metaspace       used 14568K, capacity 14782K, committed 15104K, reserved 1062912K
  class space    used 1863K, capacity 1937K, committed 2048K, reserved 1048576K
Event: 46.971 GC heap after
Heap after GC invocations=15 (full 2):
 PSYoungGen      total 891392K, used 125245K [0x000000076c180000, 0x00000007b5b00000, 0x00000007c0000000)
  eden space 673280K, 0% used [0x000000076c180000,0x000000076c180000,0x0000000795300000)
  from space 218112K, 57% used [0x0000000795300000,0x000000079cd4f6e8,0x00000007a2800000)
  to   space 221184K, 0% used [0x00000007a8300000,0x00000007a8300000,0x00000007b5b00000)
 ParOldGen       total 619520K, used 568130K [0x00000006c4400000, 0x00000006ea100000, 0x000000076c180000)
  object space 619520K, 91% used [0x00000006c4400000,0x00000006e6ed09f0,0x00000006ea100000)
 Metaspace       used 14568K, capacity 14782K, committed 15104K, reserved 1062912K
  class space    used 1863K, capacity 1937K, committed 2048K, reserved 1048576K
}
Event: 46.971 GC heap before
{Heap before GC invocations=16 (full 3):
 PSYoungGen      total 891392K, used 125245K [0x000000076c180000, 0x00000007b5b00000, 0x00000007c0000000)
  eden space 673280K, 0% used [0x000000076c180000,0x000000076c180000,0x0000000795300000)
  from space 218112K, 57% used [0x0000000795300000,0x000000079cd4f6e8,0x00000007a2800000)
  to   space 221184K, 0% used [0x00000007a8300000,0x00000007a8300000,0x00000007b5b00000)
 ParOldGen       total 619520K, used 568130K [0x00000006c4400000, 0x00000006ea100000, 0x000000076c180000)
  object space 619520K, 91% used [0x00000006c4400000,0x00000006e6ed09f0,0x00000006ea100000)
 Metaspace       used 14568K, capacity 14782K, committed 15104K, reserved 1062912K
  class space    used 1863K, capacity 1937K, committed 2048K, reserved 1048576K

